<?xml version="1.0" encoding="UTF-8"?>
<!-- Generated by org.testng.reporters.JUnitXMLReporter -->
<testsuite hostname="DESKTOP-GEL415J" ignored="0" name="Surefire test" tests="16" failures="0" timestamp="2021-09-30T10:28:09 EEST" time="32.193" errors="0">
  <testcase name="create_User_correct" time="1.478" classname="bg.codeacademy.spring.gossiptalks.controllerTest.UserControllerTest"/>
  <testcase name="get_Users_correct" time="0.102" classname="bg.codeacademy.spring.gossiptalks.controllerTest.UserControllerTest"/>
  <testcase name="get_all_users_with_name_params_unauthorized" time="0.028" classname="bg.codeacademy.spring.gossiptalks.controllerTest.UserControllerTest"/>
  <testcase name="get_all_users_without_params" time="0.054" classname="bg.codeacademy.spring.gossiptalks.controllerTest.UserControllerTest"/>
  <testcase name="get_current_logged_user" time="0.123" classname="bg.codeacademy.spring.gossiptalks.controllerTest.UserControllerTest"/>
  <testcase name="try_to_save_gossip_with_correct_username_save" time="0.052" classname="bg.codeacademy.spring.gossiptalks.servicesTest.GossipServiceTest"/>
  <testcase name="try_to_change_password_with_noPasswordMatch_changePassword" time="0.244" classname="bg.codeacademy.spring.gossiptalks.servicesTest.UserServiceTest"/>
  <testcase name="try_to_change_password_with_nonexisting_user_changePassword" time="0.118" classname="bg.codeacademy.spring.gossiptalks.servicesTest.UserServiceTest"/>
  <testcase name="try_to_change_password_with_right_password_and_existing_username_changePassword" time="0.234" classname="bg.codeacademy.spring.gossiptalks.servicesTest.UserServiceTest"/>
  <testcase name="try_to_create_user_save" time="0.232" classname="bg.codeacademy.spring.gossiptalks.servicesTest.UserServiceTest"/>
  <testcase name="try_to_create_user_with_existing_username_save" time="0.382" classname="bg.codeacademy.spring.gossiptalks.servicesTest.UserServiceTest"/>
  <testcase name="try_to_get_all_users_by_SubString_getAll" time="0.346" classname="bg.codeacademy.spring.gossiptalks.servicesTest.UserServiceTest"/>
  <testcase name="try_to_get_by_nonexisting_username_getByUsername" time="0.12" classname="bg.codeacademy.spring.gossiptalks.servicesTest.UserServiceTest"/>
  <testcase name="try_to_get_by_username_correct_getByUsername" time="0.121" classname="bg.codeacademy.spring.gossiptalks.servicesTest.UserServiceTest"/>
  <testcase name="try_to_get_current_logged_user_by_not_exist_username" time="0.122" classname="bg.codeacademy.spring.gossiptalks.servicesTest.UserServiceTest"/>
  <testcase name="try_to_get_current_logged_user_by_username_getCurrentLoggedUser" time="0.119" classname="bg.codeacademy.spring.gossiptalks.servicesTest.UserServiceTest"/>
</testsuite> <!-- Surefire test -->
