<?xml version="1.0" encoding="UTF-8"?>
<testsuite xmlns:xsi="http://www.w3.org/2001/XMLSchema-instance" xsi:noNamespaceSchemaLocation="https://maven.apache.org/surefire/maven-surefire-plugin/xsd/surefire-test-report.xsd" name="TestSuite" time="15.013" tests="26" errors="0" skipped="0" failures="0">
  <properties>
[...]
</properties>
  <testcase name="readMessageWithValidId" classname="bg.codix.chat.controller.MessageControllerTest" time="1.277"/>
  <testcase name="readMessageWithWrongId" classname="bg.codix.chat.controller.MessageControllerTest" time="0.127"/>
  <testcase name="sendMessageBadRequest" classname="bg.codix.chat.controller.MessageControllerTest" time="0.475"/>
  <testcase name="sendMessageOk" classname="bg.codix.chat.controller.MessageControllerTest" time="0.687"/>
  <testcase name="getAllCorrect" classname="bg.codix.chat.controller.UserControllerTest" time="0.125"/>
  <testcase name="getUserMessages" classname="bg.codix.chat.controller.UserControllerTest" time="0.129"/>
  <testcase name="getUserMessagesThrowException" classname="bg.codix.chat.controller.UserControllerTest" time="0.029"/>
  <testcase name="getUsersWhoCanSendMessageThrowException" classname="bg.codix.chat.controller.UserControllerTest" time="0.081"/>
  <testcase name="getUsersWhoCanSendMessageToStatusOk" classname="bg.codix.chat.controller.UserControllerTest" time="0.066"/>
  <testcase name="getUsersWhoCanSendMessageToStatusOkAndCorrectResponse" classname="bg.codix.chat.controller.UserControllerTest" time="0.055"/>
  <testcase name="getAllMessagesByReceipt" classname="bg.codix.chat.repository.MessageRepositoryTest" time="0.034"/>
  <testcase name="getMessageById" classname="bg.codix.chat.repository.MessageRepositoryTest" time="0.001"/>
  <testcase name="getMessageByIdHandleException" classname="bg.codix.chat.repository.MessageRepositoryTest" time="0.003"/>
  <testcase name="readMessage" classname="bg.codix.chat.repository.MessageRepositoryTest" time="0.004"/>
  <testcase name="readMessageHanelException" classname="bg.codix.chat.repository.MessageRepositoryTest" time="0.002"/>
  <testcase name="sendMessage" classname="bg.codix.chat.repository.MessageRepositoryTest" time="0.002"/>
  <testcase name="checkSameGroupOfUsersCorrect" classname="bg.codix.chat.repository.UserRepositoryTest" time="0"/>
  <testcase name="checkSameGroupOfUsersHandleException" classname="bg.codix.chat.repository.UserRepositoryTest" time="0.001"/>
  <testcase name="getAllByGroup" classname="bg.codix.chat.repository.UserRepositoryTest" time="0"/>
  <testcase name="getAllByGroupHandleException" classname="bg.codix.chat.repository.UserRepositoryTest" time="0.001"/>
  <testcase name="getUserByIdCorrect" classname="bg.codix.chat.repository.UserRepositoryTest" time="0"/>
  <testcase name="getUserByIdCorrectHandleException" classname="bg.codix.chat.repository.UserRepositoryTest" time="0.001"/>
  <testcase name="getUserByUsernameCorrect" classname="bg.codix.chat.repository.UserRepositoryTest" time="0"/>
  <testcase name="getUserByUsernameHandleException" classname="bg.codix.chat.repository.UserRepositoryTest" time="0.001"/>
  <testcase name="getUsersWhoCanSendMessageToCorrect" classname="bg.codix.chat.repository.UserRepositoryTest" time="0"/>
  <testcase name="getUsersWhoCanSendMessageToHandleException" classname="bg.codix.chat.repository.UserRepositoryTest" time="0.001"/>
</testsuite>