<?xml version="1.0" encoding="UTF-8"?>
<!-- Generated by org.testng.reporters.JUnitXMLReporter -->
<testsuite hostname="DESKTOP-GEL415J" ignored="0" name="Surefire test" tests="26" failures="0" timestamp="2021-10-31T16:16:23 EET" time="12.449" errors="0">
  <testcase name="readMessageWithValidId" time="1.25" classname="bg.codix.chat.controller.MessageControllerTest"/>
  <testcase name="readMessageWithWrongId" time="0.126" classname="bg.codix.chat.controller.MessageControllerTest"/>
  <testcase name="sendMessageBadRequest" time="0.428" classname="bg.codix.chat.controller.MessageControllerTest"/>
  <testcase name="sendMessageOk" time="0.732" classname="bg.codix.chat.controller.MessageControllerTest"/>
  <testcase name="getAllCorrect" time="0.079" classname="bg.codix.chat.controller.UserControllerTest"/>
  <testcase name="getUserMessages" time="0.14" classname="bg.codix.chat.controller.UserControllerTest"/>
  <testcase name="getUserMessagesThrowException" time="0.037" classname="bg.codix.chat.controller.UserControllerTest"/>
  <testcase name="getUsersWhoCanSendMessageThrowException" time="0.034" classname="bg.codix.chat.controller.UserControllerTest"/>
  <testcase name="getUsersWhoCanSendMessageToStatusOk" time="0.115" classname="bg.codix.chat.controller.UserControllerTest"/>
  <testcase name="getUsersWhoCanSendMessageToStatusOkAndCorrectResponse" time="0.048" classname="bg.codix.chat.controller.UserControllerTest"/>
  <testcase name="getAllMessagesByReceipt" time="0.035" classname="bg.codix.chat.repository.MessageRepositoryTest"/>
  <testcase name="getMessageById" time="0.001" classname="bg.codix.chat.repository.MessageRepositoryTest"/>
  <testcase name="getMessageByIdHandleException" time="0.003" classname="bg.codix.chat.repository.MessageRepositoryTest"/>
  <testcase name="readMessage" time="0.003" classname="bg.codix.chat.repository.MessageRepositoryTest"/>
  <testcase name="readMessageHanelException" time="0.002" classname="bg.codix.chat.repository.MessageRepositoryTest"/>
  <testcase name="sendMessage" time="0.002" classname="bg.codix.chat.repository.MessageRepositoryTest"/>
  <testcase name="checkSameGroupOfUsersCorrect" time="0.001" classname="bg.codix.chat.repository.UserRepositoryTest"/>
  <testcase name="checkSameGroupOfUsersHandleException" time="0.001" classname="bg.codix.chat.repository.UserRepositoryTest"/>
  <testcase name="getAllByGroup" time="0.001" classname="bg.codix.chat.repository.UserRepositoryTest"/>
  <testcase name="getAllByGroupHandleException" time="0.001" classname="bg.codix.chat.repository.UserRepositoryTest"/>
  <testcase name="getUserByIdCorrect" time="0.0" classname="bg.codix.chat.repository.UserRepositoryTest"/>
  <testcase name="getUserByIdCorrectHandleException" time="0.0" classname="bg.codix.chat.repository.UserRepositoryTest"/>
  <testcase name="getUserByUsernameCorrect" time="0.001" classname="bg.codix.chat.repository.UserRepositoryTest"/>
  <testcase name="getUserByUsernameHandleException" time="0.0" classname="bg.codix.chat.repository.UserRepositoryTest"/>
  <testcase name="getUsersWhoCanSendMessageToCorrect" time="0.001" classname="bg.codix.chat.repository.UserRepositoryTest"/>
  <testcase name="getUsersWhoCanSendMessageToHandleException" time="0.0" classname="bg.codix.chat.repository.UserRepositoryTest"/>
</testsuite> <!-- Surefire test -->
